<?xml version="1.0" encoding="UTF-8"?>
<testng-results skipped="0" failed="0" ignored="0" total="0" passed="0">
  <reporter-output>
  </reporter-output>
  <suite name="TestNG Forum" duration-ms="1" started-at="2018-03-26T07:03:26Z" finished-at="2018-03-26T07:03:26Z">
    <groups>
    </groups>
    <test name="TestNG Test0" duration-ms="0" started-at="2018-03-26T07:03:26Z" finished-at="2018-03-26T07:03:26Z">
    </test> <!-- TestNG Test0 -->
    <test name="TestNG Test1" duration-ms="1" started-at="2018-03-26T07:03:26Z" finished-at="2018-03-26T07:03:26Z">
    </test> <!-- TestNG Test1 -->
  </suite> <!-- TestNG Forum -->
</testng-results>
